<?xml version="1.0" encoding="UTF-8"?>
<!-- Generated by org.testng.reporters.JUnitXMLReporter -->
<testsuite hostname="EN62451" ignored="0" name="Command line test" tests="3" failures="0" timestamp="03 Aug 2017 13:43:13 GMT" time="0.11" errors="0">
  <testcase name="addDoubleIT" time="0.016" classname="com.endava.test.AddTest"/>
  <testcase name="addIntIT" time="0.0" classname="com.endava.test.AddTest"/>
  <testcase name="factorialIT" time="0.0" classname="com.endava.test.FactorialTest"/>
</testsuite> <!-- Command line test -->
